<?xml version="1.0" encoding="UTF-8"?>
<!-- Generated by org.testng.reporters.JUnitReportReporter -->
<testsuite skipped="0" hostname="DESKTOP-VVM4OU5" name="com.testng.Zoho_testng" tests="3" failures="0" timestamp="2022-11-18T10:04:27 IST" time="9.262" errors="0">
  <testcase name="browser" time="1.990" classname="com.testng.Zoho_testng"/>
  <system-out/>
  <testcase name="launchTheUrl" time="3.078" classname="com.testng.Zoho_testng"/>
  <system-out/>
  <testcase name="enterTheLoginDetails" time="4.194" classname="com.testng.Zoho_testng"/>
  <system-out/>
</testsuite> <!-- com.testng.Zoho_testng -->
